{"D:\\DOCUMENTOS\\TRABAJOS\\IBERO\\DANIUS\\PROYECTO DE SOFTWARE\\mente-activa\\backend\\src\\app.js": {"path":"D:\\DOCUMENTOS\\TRABAJOS\\IBERO\\DANIUS\\PROYECTO DE SOFTWARE\\mente-activa\\backend\\src\\app.js","statementMap":{"0":{"start":{"line":9,"column":0},"end":{"line":9,"column":15}},"1":{"start":{"line":11,"column":12},"end":{"line":11,"column":21}},"2":{"start":{"line":13,"column":0},"end":{"line":13,"column":15}},"3":{"start":{"line":14,"column":0},"end":{"line":14,"column":23}},"4":{"start":{"line":16,"column":0},"end":{"line":20,"column":1}},"5":{"start":{"line":22,"column":0},"end":{"line":24,"column":33}},"6":{"start":{"line":23,"column":14},"end":{"line":23,"column":52}},"7":{"start":{"line":24,"column":16},"end":{"line":24,"column":32}},"8":{"start":{"line":26,"column":0},"end":{"line":26,"column":33}},"9":{"start":{"line":29,"column":0},"end":{"line":29,"column":35}}},"fnMap":{"0":{"name":"(anonymous_0)","decl":{"start":{"line":23,"column":8},"end":{"line":23,"column":9}},"loc":{"start":{"line":23,"column":14},"end":{"line":23,"column":52}},"line":23},"1":{"name":"(anonymous_1)","decl":{"start":{"line":24,"column":9},"end":{"line":24,"column":10}},"loc":{"start":{"line":24,"column":16},"end":{"line":24,"column":32}},"line":24}},"branchMap":{},"s":{"0":2,"1":2,"2":2,"3":2,"4":2,"5":2,"6":2,"7":0,"8":2,"9":2},"f":{"0":2,"1":0},"b":{},"_coverageSchema":"1a1c01bbd47fc00a2c39e90264f33305004495a9","hash":"1bb429def6d94c02b959ba27ee8a02a4f3a5f608"}
,"D:\\DOCUMENTOS\\TRABAJOS\\IBERO\\DANIUS\\PROYECTO DE SOFTWARE\\mente-activa\\backend\\src\\controllers\\habitController.js": {"path":"D:\\DOCUMENTOS\\TRABAJOS\\IBERO\\DANIUS\\PROYECTO DE SOFTWARE\\mente-activa\\backend\\src\\controllers\\habitController.js","statementMap":{"0":{"start":{"line":4,"column":26},"end":{"line":16,"column":1}},"1":{"start":{"line":5,"column":2},"end":{"line":15,"column":3}},"2":{"start":{"line":6,"column":18},"end":{"line":6,"column":37}},"3":{"start":{"line":7,"column":4},"end":{"line":7,"column":22}},"4":{"start":{"line":9,"column":4},"end":{"line":12,"column":6}},"5":{"start":{"line":14,"column":4},"end":{"line":14,"column":50}},"6":{"start":{"line":19,"column":30},"end":{"line":26,"column":1}},"7":{"start":{"line":20,"column":2},"end":{"line":25,"column":3}},"8":{"start":{"line":21,"column":20},"end":{"line":21,"column":38}},"9":{"start":{"line":22,"column":4},"end":{"line":22,"column":21}},"10":{"start":{"line":24,"column":4},"end":{"line":24,"column":50}},"11":{"start":{"line":29,"column":33},"end":{"line":45,"column":1}},"12":{"start":{"line":30,"column":2},"end":{"line":44,"column":3}},"13":{"start":{"line":31,"column":18},"end":{"line":31,"column":53}},"14":{"start":{"line":33,"column":4},"end":{"line":37,"column":5}},"15":{"start":{"line":34,"column":6},"end":{"line":36,"column":8}},"16":{"start":{"line":39,"column":4},"end":{"line":39,"column":19}},"17":{"start":{"line":41,"column":4},"end":{"line":43,"column":6}},"18":{"start":{"line":48,"column":31},"end":{"line":72,"column":1}},"19":{"start":{"line":49,"column":2},"end":{"line":71,"column":3}},"20":{"start":{"line":50,"column":18},"end":{"line":54,"column":5}},"21":{"start":{"line":56,"column":4},"end":{"line":60,"column":5}},"22":{"start":{"line":57,"column":6},"end":{"line":59,"column":8}},"23":{"start":{"line":62,"column":4},"end":{"line":65,"column":6}},"24":{"start":{"line":68,"column":4},"end":{"line":70,"column":6}},"25":{"start":{"line":75,"column":29},"end":{"line":94,"column":1}},"26":{"start":{"line":76,"column":2},"end":{"line":93,"column":3}},"27":{"start":{"line":77,"column":18},"end":{"line":77,"column":62}},"28":{"start":{"line":79,"column":4},"end":{"line":83,"column":5}},"29":{"start":{"line":80,"column":6},"end":{"line":82,"column":8}},"30":{"start":{"line":85,"column":4},"end":{"line":87,"column":6}},"31":{"start":{"line":90,"column":4},"end":{"line":92,"column":6}}},"fnMap":{"0":{"name":"(anonymous_0)","decl":{"start":{"line":4,"column":26},"end":{"line":4,"column":27}},"loc":{"start":{"line":4,"column":46},"end":{"line":16,"column":1}},"line":4},"1":{"name":"(anonymous_1)","decl":{"start":{"line":19,"column":30},"end":{"line":19,"column":31}},"loc":{"start":{"line":19,"column":50},"end":{"line":26,"column":1}},"line":19},"2":{"name":"(anonymous_2)","decl":{"start":{"line":29,"column":33},"end":{"line":29,"column":34}},"loc":{"start":{"line":29,"column":53},"end":{"line":45,"column":1}},"line":29},"3":{"name":"(anonymous_3)","decl":{"start":{"line":48,"column":31},"end":{"line":48,"column":32}},"loc":{"start":{"line":48,"column":51},"end":{"line":72,"column":1}},"line":48},"4":{"name":"(anonymous_4)","decl":{"start":{"line":75,"column":29},"end":{"line":75,"column":30}},"loc":{"start":{"line":75,"column":49},"end":{"line":94,"column":1}},"line":75}},"branchMap":{"0":{"loc":{"start":{"line":33,"column":4},"end":{"line":37,"column":5}},"type":"if","locations":[{"start":{"line":33,"column":4},"end":{"line":37,"column":5}},{"start":{},"end":{}}],"line":33},"1":{"loc":{"start":{"line":56,"column":4},"end":{"line":60,"column":5}},"type":"if","locations":[{"start":{"line":56,"column":4},"end":{"line":60,"column":5}},{"start":{},"end":{}}],"line":56},"2":{"loc":{"start":{"line":79,"column":4},"end":{"line":83,"column":5}},"type":"if","locations":[{"start":{"line":79,"column":4},"end":{"line":83,"column":5}},{"start":{},"end":{}}],"line":79}},"s":{"0":2,"1":4,"2":4,"3":4,"4":4,"5":0,"6":2,"7":1,"8":1,"9":1,"10":0,"11":2,"12":1,"13":1,"14":1,"15":0,"16":1,"17":0,"18":2,"19":1,"20":1,"21":1,"22":0,"23":1,"24":0,"25":2,"26":1,"27":1,"28":1,"29":0,"30":1,"31":0},"f":{"0":4,"1":1,"2":1,"3":1,"4":1},"b":{"0":[0,1],"1":[0,1],"2":[0,1]},"_coverageSchema":"1a1c01bbd47fc00a2c39e90264f33305004495a9","hash":"37f57b4f3961d0476b5289b46f50729e937bcfe3"}
,"D:\\DOCUMENTOS\\TRABAJOS\\IBERO\\DANIUS\\PROYECTO DE SOFTWARE\\mente-activa\\backend\\src\\controllers\\userController.js": {"path":"D:\\DOCUMENTOS\\TRABAJOS\\IBERO\\DANIUS\\PROYECTO DE SOFTWARE\\mente-activa\\backend\\src\\controllers\\userController.js","statementMap":{"0":{"start":{"line":4,"column":28},"end":{"line":15,"column":1}},"1":{"start":{"line":5,"column":2},"end":{"line":14,"column":3}},"2":{"start":{"line":6,"column":40},"end":{"line":6,"column":48}},"3":{"start":{"line":8,"column":17},"end":{"line":8,"column":54}},"4":{"start":{"line":9,"column":4},"end":{"line":9,"column":21}},"5":{"start":{"line":11,"column":4},"end":{"line":11,"column":57}},"6":{"start":{"line":13,"column":4},"end":{"line":13,"column":50}},"7":{"start":{"line":18,"column":31},"end":{"line":29,"column":1}},"8":{"start":{"line":19,"column":2},"end":{"line":28,"column":3}},"9":{"start":{"line":20,"column":21},"end":{"line":20,"column":38}},"10":{"start":{"line":22,"column":4},"end":{"line":22,"column":22}},"11":{"start":{"line":25,"column":4},"end":{"line":27,"column":6}},"12":{"start":{"line":32,"column":35},"end":{"line":49,"column":1}},"13":{"start":{"line":33,"column":2},"end":{"line":48,"column":3}},"14":{"start":{"line":34,"column":20},"end":{"line":34,"column":54}},"15":{"start":{"line":36,"column":4},"end":{"line":40,"column":5}},"16":{"start":{"line":37,"column":6},"end":{"line":39,"column":9}},"17":{"start":{"line":42,"column":4},"end":{"line":42,"column":22}},"18":{"start":{"line":45,"column":4},"end":{"line":47,"column":7}},"19":{"start":{"line":52,"column":33},"end":{"line":77,"column":1}},"20":{"start":{"line":53,"column":2},"end":{"line":76,"column":3}},"21":{"start":{"line":55,"column":20},"end":{"line":59,"column":5}},"22":{"start":{"line":61,"column":4},"end":{"line":65,"column":5}},"23":{"start":{"line":62,"column":6},"end":{"line":64,"column":9}},"24":{"start":{"line":67,"column":4},"end":{"line":70,"column":7}},"25":{"start":{"line":73,"column":4},"end":{"line":75,"column":7}},"26":{"start":{"line":80,"column":31},"end":{"line":102,"column":1}},"27":{"start":{"line":81,"column":2},"end":{"line":101,"column":3}},"28":{"start":{"line":83,"column":20},"end":{"line":85,"column":5}},"29":{"start":{"line":87,"column":4},"end":{"line":91,"column":5}},"30":{"start":{"line":88,"column":6},"end":{"line":90,"column":9}},"31":{"start":{"line":93,"column":4},"end":{"line":95,"column":7}},"32":{"start":{"line":98,"column":4},"end":{"line":100,"column":7}},"33":{"start":{"line":105,"column":37},"end":{"line":121,"column":1}},"34":{"start":{"line":106,"column":2},"end":{"line":120,"column":3}},"35":{"start":{"line":108,"column":20},"end":{"line":110,"column":6}},"36":{"start":{"line":112,"column":4},"end":{"line":112,"column":22}},"37":{"start":{"line":116,"column":4},"end":{"line":118,"column":7}}},"fnMap":{"0":{"name":"(anonymous_0)","decl":{"start":{"line":4,"column":28},"end":{"line":4,"column":29}},"loc":{"start":{"line":4,"column":48},"end":{"line":15,"column":1}},"line":4},"1":{"name":"(anonymous_1)","decl":{"start":{"line":18,"column":31},"end":{"line":18,"column":32}},"loc":{"start":{"line":18,"column":51},"end":{"line":29,"column":1}},"line":18},"2":{"name":"(anonymous_2)","decl":{"start":{"line":32,"column":35},"end":{"line":32,"column":36}},"loc":{"start":{"line":32,"column":55},"end":{"line":49,"column":1}},"line":32},"3":{"name":"(anonymous_3)","decl":{"start":{"line":52,"column":33},"end":{"line":52,"column":34}},"loc":{"start":{"line":52,"column":53},"end":{"line":77,"column":1}},"line":52},"4":{"name":"(anonymous_4)","decl":{"start":{"line":80,"column":31},"end":{"line":80,"column":32}},"loc":{"start":{"line":80,"column":51},"end":{"line":102,"column":1}},"line":80},"5":{"name":"(anonymous_5)","decl":{"start":{"line":105,"column":37},"end":{"line":105,"column":38}},"loc":{"start":{"line":105,"column":57},"end":{"line":121,"column":1}},"line":105}},"branchMap":{"0":{"loc":{"start":{"line":36,"column":4},"end":{"line":40,"column":5}},"type":"if","locations":[{"start":{"line":36,"column":4},"end":{"line":40,"column":5}},{"start":{},"end":{}}],"line":36},"1":{"loc":{"start":{"line":61,"column":4},"end":{"line":65,"column":5}},"type":"if","locations":[{"start":{"line":61,"column":4},"end":{"line":65,"column":5}},{"start":{},"end":{}}],"line":61},"2":{"loc":{"start":{"line":87,"column":4},"end":{"line":91,"column":5}},"type":"if","locations":[{"start":{"line":87,"column":4},"end":{"line":91,"column":5}},{"start":{},"end":{}}],"line":87}},"s":{"0":2,"1":4,"2":4,"3":4,"4":4,"5":4,"6":0,"7":2,"8":4,"9":4,"10":4,"11":0,"12":2,"13":1,"14":1,"15":1,"16":0,"17":1,"18":0,"19":2,"20":1,"21":1,"22":1,"23":0,"24":1,"25":0,"26":2,"27":1,"28":1,"29":1,"30":0,"31":1,"32":0,"33":2,"34":0,"35":0,"36":0,"37":0},"f":{"0":4,"1":4,"2":1,"3":1,"4":1,"5":0},"b":{"0":[0,1],"1":[0,1],"2":[0,1]},"_coverageSchema":"1a1c01bbd47fc00a2c39e90264f33305004495a9","hash":"6b48a16ed192da08f6c9ad597054e3cce809f584"}
,"D:\\DOCUMENTOS\\TRABAJOS\\IBERO\\DANIUS\\PROYECTO DE SOFTWARE\\mente-activa\\backend\\src\\docs\\swagger.js": {"path":"D:\\DOCUMENTOS\\TRABAJOS\\IBERO\\DANIUS\\PROYECTO DE SOFTWARE\\mente-activa\\backend\\src\\docs\\swagger.js","statementMap":{"0":{"start":{"line":3,"column":16},"end":{"line":19,"column":1}},"1":{"start":{"line":21,"column":20},"end":{"line":21,"column":41}}},"fnMap":{},"branchMap":{},"s":{"0":2,"1":2},"f":{},"b":{},"_coverageSchema":"1a1c01bbd47fc00a2c39e90264f33305004495a9","hash":"1a40341b4b582d922beb5790b6940df05f5bf1b4"}
,"D:\\DOCUMENTOS\\TRABAJOS\\IBERO\\DANIUS\\PROYECTO DE SOFTWARE\\mente-activa\\backend\\src\\models\\User.js": {"path":"D:\\DOCUMENTOS\\TRABAJOS\\IBERO\\DANIUS\\PROYECTO DE SOFTWARE\\mente-activa\\backend\\src\\models\\User.js","statementMap":{"0":{"start":{"line":3,"column":19},"end":{"line":7,"column":2}}},"fnMap":{},"branchMap":{},"s":{"0":2},"f":{},"b":{},"_coverageSchema":"1a1c01bbd47fc00a2c39e90264f33305004495a9","hash":"71328f379132db1a51293c5abd864a0ddf2359c4"}
,"D:\\DOCUMENTOS\\TRABAJOS\\IBERO\\DANIUS\\PROYECTO DE SOFTWARE\\mente-activa\\backend\\src\\models\\habit.js": {"path":"D:\\DOCUMENTOS\\TRABAJOS\\IBERO\\DANIUS\\PROYECTO DE SOFTWARE\\mente-activa\\backend\\src\\models\\habit.js","statementMap":{"0":{"start":{"line":3,"column":20},"end":{"line":20,"column":2}}},"fnMap":{},"branchMap":{},"s":{"0":2},"f":{},"b":{},"_coverageSchema":"1a1c01bbd47fc00a2c39e90264f33305004495a9","hash":"d205e79033df24d9fab548caedfa5184da2d1549"}
,"D:\\DOCUMENTOS\\TRABAJOS\\IBERO\\DANIUS\\PROYECTO DE SOFTWARE\\mente-activa\\backend\\src\\routes\\habitRoutes.js": {"path":"D:\\DOCUMENTOS\\TRABAJOS\\IBERO\\DANIUS\\PROYECTO DE SOFTWARE\\mente-activa\\backend\\src\\routes\\habitRoutes.js","statementMap":{"0":{"start":{"line":4,"column":15},"end":{"line":4,"column":31}},"1":{"start":{"line":30,"column":0},"end":{"line":30,"column":28}},"2":{"start":{"line":43,"column":0},"end":{"line":43,"column":31}},"3":{"start":{"line":65,"column":0},"end":{"line":65,"column":37}},"4":{"start":{"line":87,"column":0},"end":{"line":87,"column":35}},"5":{"start":{"line":109,"column":0},"end":{"line":109,"column":36}}},"fnMap":{},"branchMap":{},"s":{"0":2,"1":2,"2":2,"3":2,"4":2,"5":2},"f":{},"b":{},"_coverageSchema":"1a1c01bbd47fc00a2c39e90264f33305004495a9","hash":"6551fefc271a3ee88122b96e08ddc0e8531c9c75"}
,"D:\\DOCUMENTOS\\TRABAJOS\\IBERO\\DANIUS\\PROYECTO DE SOFTWARE\\mente-activa\\backend\\src\\routes\\userRoutes.js": {"path":"D:\\DOCUMENTOS\\TRABAJOS\\IBERO\\DANIUS\\PROYECTO DE SOFTWARE\\mente-activa\\backend\\src\\routes\\userRoutes.js","statementMap":{"0":{"start":{"line":4,"column":15},"end":{"line":4,"column":31}},"1":{"start":{"line":23,"column":0},"end":{"line":23,"column":38}},"2":{"start":{"line":36,"column":0},"end":{"line":36,"column":32}},"3":{"start":{"line":55,"column":0},"end":{"line":55,"column":48}},"4":{"start":{"line":57,"column":0},"end":{"line":57,"column":39}},"5":{"start":{"line":78,"column":0},"end":{"line":78,"column":37}},"6":{"start":{"line":97,"column":0},"end":{"line":97,"column":38}}},"fnMap":{},"branchMap":{},"s":{"0":2,"1":2,"2":2,"3":2,"4":2,"5":2,"6":2},"f":{},"b":{},"_coverageSchema":"1a1c01bbd47fc00a2c39e90264f33305004495a9","hash":"8cefd87e037482d3a58d2d5fd79cd4bd1d11800e"}
}
