TN:
SF:src\app.js
FN:23,(anonymous_0)
FN:24,(anonymous_1)
FNF:2
FNH:1
FNDA:2,(anonymous_0)
FNDA:0,(anonymous_1)
DA:9,2
DA:11,2
DA:13,2
DA:14,2
DA:16,2
DA:22,2
DA:23,2
DA:24,0
DA:26,2
DA:29,2
LF:10
LH:9
BRF:0
BRH:0
end_of_record
TN:
SF:src\controllers\habitController.js
FN:4,(anonymous_0)
FN:19,(anonymous_1)
FN:29,(anonymous_2)
FN:48,(anonymous_3)
FN:75,(anonymous_4)
FNF:5
FNH:5
FNDA:4,(anonymous_0)
FNDA:1,(anonymous_1)
FNDA:1,(anonymous_2)
FNDA:1,(anonymous_3)
FNDA:1,(anonymous_4)
DA:4,2
DA:5,4
DA:6,4
DA:7,4
DA:9,4
DA:14,0
DA:19,2
DA:20,1
DA:21,1
DA:22,1
DA:24,0
DA:29,2
DA:30,1
DA:31,1
DA:33,1
DA:34,0
DA:39,1
DA:41,0
DA:48,2
DA:49,1
DA:50,1
DA:56,1
DA:57,0
DA:62,1
DA:68,0
DA:75,2
DA:76,1
DA:77,1
DA:79,1
DA:80,0
DA:85,1
DA:90,0
LF:32
LH:24
BRDA:33,0,0,0
BRDA:33,0,1,1
BRDA:56,1,0,0
BRDA:56,1,1,1
BRDA:79,2,0,0
BRDA:79,2,1,1
BRF:6
BRH:3
end_of_record
TN:
SF:src\controllers\userController.js
FN:4,(anonymous_0)
FN:18,(anonymous_1)
FN:32,(anonymous_2)
FN:52,(anonymous_3)
FN:80,(anonymous_4)
FN:105,(anonymous_5)
FNF:6
FNH:5
FNDA:4,(anonymous_0)
FNDA:4,(anonymous_1)
FNDA:1,(anonymous_2)
FNDA:1,(anonymous_3)
FNDA:1,(anonymous_4)
FNDA:0,(anonymous_5)
DA:4,2
DA:5,4
DA:6,4
DA:8,4
DA:9,4
DA:11,4
DA:13,0
DA:18,2
DA:19,4
DA:20,4
DA:22,4
DA:25,0
DA:32,2
DA:33,1
DA:34,1
DA:36,1
DA:37,0
DA:42,1
DA:45,0
DA:52,2
DA:53,1
DA:55,1
DA:61,1
DA:62,0
DA:67,1
DA:73,0
DA:80,2
DA:81,1
DA:83,1
DA:87,1
DA:88,0
DA:93,1
DA:98,0
DA:105,2
DA:106,0
DA:108,0
DA:112,0
DA:116,0
LF:38
LH:26
BRDA:36,0,0,0
BRDA:36,0,1,1
BRDA:61,1,0,0
BRDA:61,1,1,1
BRDA:87,2,0,0
BRDA:87,2,1,1
BRF:6
BRH:3
end_of_record
TN:
SF:src\docs\swagger.js
FNF:0
FNH:0
DA:3,2
DA:21,2
LF:2
LH:2
BRF:0
BRH:0
end_of_record
TN:
SF:src\models\User.js
FNF:0
FNH:0
DA:3,2
LF:1
LH:1
BRF:0
BRH:0
end_of_record
TN:
SF:src\models\habit.js
FNF:0
FNH:0
DA:3,2
LF:1
LH:1
BRF:0
BRH:0
end_of_record
TN:
SF:src\routes\habitRoutes.js
FNF:0
FNH:0
DA:4,2
DA:30,2
DA:43,2
DA:65,2
DA:87,2
DA:109,2
LF:6
LH:6
BRF:0
BRH:0
end_of_record
TN:
SF:src\routes\userRoutes.js
FNF:0
FNH:0
DA:4,2
DA:23,2
DA:36,2
DA:55,2
DA:57,2
DA:78,2
DA:97,2
LF:7
LH:7
BRF:0
BRH:0
end_of_record
